<?xml version="1.0" encoding="UTF-8"?>
<testsuite xmlns:xsi="http://www.w3.org/2001/XMLSchema-instance" xsi:noNamespaceSchemaLocation="https://maven.apache.org/surefire/maven-surefire-plugin/xsd/surefire-test-report.xsd" version="3.0.2" name="TestSuite" time="14.506" tests="6" errors="0" skipped="0" failures="1">
  <properties>
[...]
</properties>
  <testcase name="positiveTest" classname="api.test.main.workers.ChainingTestWorker" time="4.944">
    <system-out><![CDATA[Default [ONLINE] mode
[IndependentFetchController] Fetching end
Default [ONLINE] mode
[ChainingFetchController] Fetching end
[CustomReporter] Start generating report...

Req: /authenapi/PostManagementApi/findDataList, c-expectResult: 773000

Req: /authenapi/PostManagementApi/findDataList, c-setVarList: 4000

Req: /authenapi/PostManagementApi/findDataList, c-getVarValue: 1980500

Req: /authenapi/PostManagementApi/findDataList, c-exportVar: 928400

Req: /authenapi/PostManagementApi/findDataList, time: 6342000

MiliTime [2]: 6540600

Req: /authenapi/PostManagementApi/savePost, c-expectResult: 19800

Req: /authenapi/PostManagementApi/savePost, c-setVarList: 600

Req: /authenapi/PostManagementApi/savePost, c-getVarValue: 50600

Req: /authenapi/PostManagementApi/savePost, c-exportVar: 8700

Req: /authenapi/PostManagementApi/savePost, time: 417100

MiliTime [2]: 475000

Req: /authenapi/PostManagementApi/findDataList, time: 2492000

MiliTime [2]: 2620900

NanoTime [2]: 4936584300
]]></system-out>
    <system-err><![CDATA[[DatabaseUtil] Error while trying to get server: Exception opening port "9092" (port may be in use), cause: "java.net.BindException: Address already in use: bind" [90061-232]
[DatabaseUtil] Error while trying to get connection: Connection is broken: "java.net.SocketException: An established connection was aborted by the software in your host machine: localhost" [90067-232]
]]></system-err>
  </testcase>
  <testcase name="positiveTest" classname="api.test.main.workers.ChainingTestWorker" time="0.938">
    <system-out><![CDATA[
Req: /authenapi/userapi/findDataListExport, c-expectResult: 9200

Req: /authenapi/userapi/findDataListExport, c-setVarList: 400

Req: /authenapi/userapi/findDataListExport, c-getVarValue: 193300

Req: /authenapi/userapi/findDataListExport, c-exportVar: 8100

Req: /authenapi/userapi/findDataListExport, time: 388200

MiliTime [1]: 428700

Req: /authenapi/userapi/merge, c-expectResult: 9300

Req: /authenapi/userapi/merge, c-setVarList: 400

Req: /authenapi/userapi/merge, c-getVarValue: 36600

Req: /authenapi/userapi/merge, c-exportVar: 5300

Req: /authenapi/userapi/merge, time: 249700

MiliTime [1]: 278900

Req: /authenapi/userapi/findDataListExport, time: 165200

MiliTime [1]: 246200

NanoTime [1]: 935807400
]]></system-out>
  </testcase>
  <testcase name="positiveTest" classname="api.test.main.workers.IndependentTestWorker" time="0.285">
    <failure message="The following asserts failed:&#10;	      Expected: 36 keys&#10;      Actual: 37 keys&#10;      Missing: [content.data[0].id]" type="java.lang.Throwable"><![CDATA[java.lang.Throwable: 
The following asserts failed:
	      Expected: 36 keys
      Actual: 37 keys
      Missing: [content.data[0].id]
]]></failure>
  </testcase>
  <testcase name="positiveTest" classname="api.test.main.workers.IndependentTestWorker" time="0.143"/>
  <testcase name="positiveTest" classname="api.test.main.workers.IndependentTestWorker" time="0.308"/>
  <testcase name="positiveTest" classname="api.test.main.workers.IndependentTestWorker" time="0.755"/>
</testsuite>